<?xml version="1.0" encoding="UTF-8"?>
<!-- Generated by org.testng.reporters.JUnitXMLReporter -->
<testsuite hostname="DESKTOP-QNVL115" ignored="0" name="Test" tests="4" failures="0" timestamp="11 Apr 2022 07:14:15 GMT" time="0.053" errors="0">
  <testcase name="BrowserAutomation" time="0.012" classname="kcpAcademy.MavenJava.SeleniumTest"/>
  <testcase name="elementsUI" time="0.001" classname="kcpAcademy.MavenJava.SeleniumTest"/>
  <testcase name="DeleteTwitter" time="0.001" classname="kcpAcademy.MavenJava.RESTAPITest"/>
  <testcase name="postJira" time="0.0" classname="kcpAcademy.MavenJava.RESTAPITest"/>
</testsuite> <!-- Test -->
